f:\c++\practice\debug\vc142.pdb
f:\c++\practice\debug\vc142.idb
f:\c++\practice\debug\3_5 hello world.obj
f:\c++\practice\debug\数据类型.obj
f:\c++\practice\debug\practice.pdb
f:\c++\practice\debug\practice.tlog\cl.command.1.tlog
f:\c++\practice\debug\practice.tlog\cl.read.1.tlog
f:\c++\practice\debug\practice.tlog\cl.write.1.tlog
f:\c++\practice\debug\practice.tlog\link-cvtres.read.1.tlog
f:\c++\practice\debug\practice.tlog\link-cvtres.write.1.tlog
f:\c++\practice\debug\practice.tlog\link-rc.read.1.tlog
f:\c++\practice\debug\practice.tlog\link-rc.write.1.tlog
f:\c++\practice\debug\practice.tlog\link.16248-cvtres.read.1.tlog
f:\c++\practice\debug\practice.tlog\link.16248-cvtres.write.1.tlog
f:\c++\practice\debug\practice.tlog\link.16248-rc.read.1.tlog
f:\c++\practice\debug\practice.tlog\link.16248-rc.write.1.tlog
f:\c++\practice\debug\practice.tlog\link.16248.read.1.tlog
f:\c++\practice\debug\practice.tlog\link.16248.write.1.tlog
f:\c++\practice\debug\practice.tlog\link.command.1.tlog
f:\c++\practice\debug\practice.tlog\link.read.1.tlog
f:\c++\practice\debug\practice.tlog\link.write.1.tlog
